<?xml version="1.0" encoding="UTF-8"?>
<!-- Generated by org.testng.reporters.JUnitReportReporter -->
<testsuite hostname="IN-PF26QNRQ" failures="0" tests="1" name="com.qa.trial.testcases.SignInPageTest" time="43.397" errors="0" timestamp="2021-12-18T13:47:03 IST" skipped="0">
  <testcase classname="com.qa.trial.testcases.SignInPageTest" name="verifyLogoAfterSignIn" time="43.397"/>
  <system-out/>
</testsuite> <!-- com.qa.trial.testcases.SignInPageTest -->
