<?xml version="1.0" encoding="UTF-8"?>
<!-- Generated by org.testng.reporters.JUnitReportReporter -->
<testsuite hostname="IN-PF26QNRQ" failures="0" tests="1" name="com.qa.trial.testcases.ComposeMailTest" time="59.090" errors="0" timestamp="2021-12-18T13:48:15 IST" skipped="0">
  <testcase classname="com.qa.trial.testcases.ComposeMailTest" name="verifyMsgSent" time="59.090"/>
  <system-out/>
</testsuite> <!-- com.qa.trial.testcases.ComposeMailTest -->
